{"C:\\Users\\MATAGK\\Documents\\GitHub\\200406-java-react-usf\\Mohamed_Aboulela_p0\\src\\errors\\errors.ts": {"path":"C:\\Users\\MATAGK\\Documents\\GitHub\\200406-java-react-usf\\Mohamed_Aboulela_p0\\src\\errors\\errors.ts","statementMap":{"0":{"start":{"line":1,"column":0},"end":{"line":1,"column":null}},"1":{"start":{"line":9,"column":8},"end":{"line":9,"column":37}},"2":{"start":{"line":10,"column":8},"end":{"line":10,"column":55}},"3":{"start":{"line":11,"column":8},"end":{"line":11,"column":36}},"4":{"start":{"line":12,"column":8},"end":{"line":12,"column":72}},"5":{"start":{"line":15,"column":4},"end":{"line":17,"column":null}},"6":{"start":{"line":16,"column":8},"end":{"line":16,"column":31}},"7":{"start":{"line":19,"column":0},"end":{"line":19,"column":null}},"8":{"start":{"line":21,"column":0},"end":{"line":21,"column":null}},"9":{"start":{"line":21,"column":39},"end":{"line":21,"column":55}},"10":{"start":{"line":24,"column":8},"end":{"line":24,"column":null}},"11":{"start":{"line":25,"column":8},"end":{"line":25,"column":60}},"12":{"start":{"line":28,"column":0},"end":{"line":28,"column":null}},"13":{"start":{"line":84,"column":4},"end":{"line":84,"column":28}},"14":{"start":{"line":30,"column":0},"end":{"line":30,"column":null}},"15":{"start":{"line":30,"column":36},"end":{"line":30,"column":52}},"16":{"start":{"line":33,"column":8},"end":{"line":33,"column":null}},"17":{"start":{"line":34,"column":8},"end":{"line":34,"column":71}},"18":{"start":{"line":37,"column":0},"end":{"line":37,"column":null}},"19":{"start":{"line":83,"column":4},"end":{"line":83,"column":25}},"20":{"start":{"line":39,"column":0},"end":{"line":39,"column":null}},"21":{"start":{"line":39,"column":30},"end":{"line":39,"column":46}},"22":{"start":{"line":42,"column":8},"end":{"line":42,"column":null}},"23":{"start":{"line":43,"column":8},"end":{"line":43,"column":57}},"24":{"start":{"line":46,"column":0},"end":{"line":46,"column":null}},"25":{"start":{"line":85,"column":4},"end":{"line":85,"column":19}},"26":{"start":{"line":48,"column":0},"end":{"line":48,"column":null}},"27":{"start":{"line":48,"column":34},"end":{"line":48,"column":50}},"28":{"start":{"line":51,"column":8},"end":{"line":51,"column":null}},"29":{"start":{"line":52,"column":8},"end":{"line":52,"column":51}},"30":{"start":{"line":55,"column":0},"end":{"line":55,"column":null}},"31":{"start":{"line":86,"column":4},"end":{"line":86,"column":23}},"32":{"start":{"line":57,"column":0},"end":{"line":57,"column":null}},"33":{"start":{"line":57,"column":33},"end":{"line":57,"column":49}},"34":{"start":{"line":60,"column":8},"end":{"line":60,"column":null}},"35":{"start":{"line":61,"column":8},"end":{"line":61,"column":80}},"36":{"start":{"line":64,"column":0},"end":{"line":64,"column":null}},"37":{"start":{"line":88,"column":4},"end":{"line":88,"column":22}},"38":{"start":{"line":66,"column":0},"end":{"line":66,"column":null}},"39":{"start":{"line":66,"column":34},"end":{"line":66,"column":50}},"40":{"start":{"line":69,"column":8},"end":{"line":69,"column":null}},"41":{"start":{"line":70,"column":8},"end":{"line":70,"column":51}},"42":{"start":{"line":73,"column":0},"end":{"line":73,"column":null}},"43":{"start":{"line":87,"column":4},"end":{"line":87,"column":23}},"44":{"start":{"line":75,"column":0},"end":{"line":75,"column":null}},"45":{"start":{"line":75,"column":34},"end":{"line":75,"column":50}},"46":{"start":{"line":77,"column":2},"end":{"line":77,"column":null}},"47":{"start":{"line":78,"column":2},"end":{"line":78,"column":54}},"48":{"start":{"line":80,"column":0},"end":{"line":80,"column":null}},"49":{"start":{"line":89,"column":4},"end":{"line":89,"column":23}}},"fnMap":{"0":{"name":"(anonymous_6)","decl":{"start":{"line":1,"column":0},"end":{"line":1,"column":null}},"loc":{"start":{"line":1,"column":0},"end":{"line":19,"column":null}}},"1":{"name":"ApplicationError","decl":{"start":{"line":8,"column":4},"end":{"line":8,"column":16}},"loc":{"start":{"line":8,"column":48},"end":{"line":13,"column":5}}},"2":{"name":"(anonymous_8)","decl":{"start":{"line":15,"column":4},"end":{"line":15,"column":14}},"loc":{"start":{"line":15,"column":30},"end":{"line":17,"column":5}}},"3":{"name":"(anonymous_9)","decl":{"start":{"line":21,"column":0},"end":{"line":21,"column":39}},"loc":{"start":{"line":21,"column":0},"end":{"line":28,"column":null}}},"4":{"name":"ResourcePersistenceError","decl":{"start":{"line":23,"column":4},"end":{"line":23,"column":16}},"loc":{"start":{"line":23,"column":31},"end":{"line":26,"column":5}}},"5":{"name":"(anonymous_11)","decl":{"start":{"line":30,"column":0},"end":{"line":30,"column":36}},"loc":{"start":{"line":30,"column":0},"end":{"line":37,"column":null}}},"6":{"name":"ResourceNotFoundError","decl":{"start":{"line":32,"column":4},"end":{"line":32,"column":16}},"loc":{"start":{"line":32,"column":31},"end":{"line":35,"column":5}}},"7":{"name":"(anonymous_13)","decl":{"start":{"line":39,"column":0},"end":{"line":39,"column":30}},"loc":{"start":{"line":39,"column":0},"end":{"line":46,"column":null}}},"8":{"name":"BadRequestError","decl":{"start":{"line":41,"column":4},"end":{"line":41,"column":16}},"loc":{"start":{"line":41,"column":31},"end":{"line":44,"column":5}}},"9":{"name":"(anonymous_15)","decl":{"start":{"line":48,"column":0},"end":{"line":48,"column":34}},"loc":{"start":{"line":48,"column":0},"end":{"line":55,"column":null}}},"10":{"name":"AuthenticationError","decl":{"start":{"line":50,"column":4},"end":{"line":50,"column":16}},"loc":{"start":{"line":50,"column":31},"end":{"line":53,"column":5}}},"11":{"name":"(anonymous_17)","decl":{"start":{"line":57,"column":0},"end":{"line":57,"column":33}},"loc":{"start":{"line":57,"column":0},"end":{"line":64,"column":null}}},"12":{"name":"AuthorizationError","decl":{"start":{"line":59,"column":4},"end":{"line":59,"column":16}},"loc":{"start":{"line":59,"column":31},"end":{"line":62,"column":5}}},"13":{"name":"(anonymous_19)","decl":{"start":{"line":66,"column":0},"end":{"line":66,"column":34}},"loc":{"start":{"line":66,"column":0},"end":{"line":73,"column":null}}},"14":{"name":"NotImplementedError","decl":{"start":{"line":68,"column":4},"end":{"line":68,"column":16}},"loc":{"start":{"line":68,"column":31},"end":{"line":71,"column":5}}},"15":{"name":"(anonymous_21)","decl":{"start":{"line":75,"column":0},"end":{"line":75,"column":34}},"loc":{"start":{"line":75,"column":0},"end":{"line":80,"column":null}}},"16":{"name":"InternalServerError","decl":{"start":{"line":76,"column":1},"end":{"line":76,"column":13}},"loc":{"start":{"line":76,"column":28},"end":{"line":79,"column":2}}}},"branchMap":{"0":{"loc":{"start":{"line":12,"column":15},"end":{"line":12,"column":32}},"type":"cond-expr","locations":[{"start":{"line":12,"column":15},"end":{"line":12,"column":32}},{"start":{"line":12,"column":36},"end":{"line":12,"column":71}}]},"1":{"loc":{"start":{"line":24,"column":8},"end":{"line":24,"column":26}},"type":"binary-expr","locations":[{"start":{"line":24,"column":8},"end":{"line":24,"column":26}},{"start":{"line":24,"column":26},"end":{"line":24,"column":null}}]},"2":{"loc":{"start":{"line":33,"column":8},"end":{"line":33,"column":26}},"type":"binary-expr","locations":[{"start":{"line":33,"column":8},"end":{"line":33,"column":26}},{"start":{"line":33,"column":26},"end":{"line":33,"column":null}}]},"3":{"loc":{"start":{"line":42,"column":8},"end":{"line":42,"column":26}},"type":"binary-expr","locations":[{"start":{"line":42,"column":8},"end":{"line":42,"column":26}},{"start":{"line":42,"column":26},"end":{"line":42,"column":null}}]},"4":{"loc":{"start":{"line":51,"column":8},"end":{"line":51,"column":26}},"type":"binary-expr","locations":[{"start":{"line":51,"column":8},"end":{"line":51,"column":26}},{"start":{"line":51,"column":26},"end":{"line":51,"column":null}}]},"5":{"loc":{"start":{"line":60,"column":8},"end":{"line":60,"column":26}},"type":"binary-expr","locations":[{"start":{"line":60,"column":8},"end":{"line":60,"column":26}},{"start":{"line":60,"column":26},"end":{"line":60,"column":null}}]},"6":{"loc":{"start":{"line":69,"column":8},"end":{"line":69,"column":26}},"type":"binary-expr","locations":[{"start":{"line":69,"column":8},"end":{"line":69,"column":26}},{"start":{"line":69,"column":26},"end":{"line":69,"column":null}}]},"7":{"loc":{"start":{"line":77,"column":2},"end":{"line":77,"column":20}},"type":"binary-expr","locations":[{"start":{"line":77,"column":2},"end":{"line":77,"column":20}},{"start":{"line":77,"column":20},"end":{"line":77,"column":null}}]}},"s":{"0":3,"1":10,"2":10,"3":10,"4":10,"5":3,"6":10,"7":3,"8":3,"9":3,"10":1,"11":1,"12":3,"13":3,"14":3,"15":3,"16":2,"17":2,"18":3,"19":3,"20":3,"21":3,"22":7,"23":7,"24":3,"25":3,"26":3,"27":3,"28":0,"29":0,"30":3,"31":3,"32":3,"33":3,"34":0,"35":0,"36":3,"37":3,"38":3,"39":3,"40":0,"41":0,"42":3,"43":3,"44":3,"45":3,"46":0,"47":0,"48":3,"49":3},"f":{"0":3,"1":10,"2":10,"3":3,"4":1,"5":3,"6":2,"7":3,"8":7,"9":3,"10":0,"11":3,"12":0,"13":3,"14":0,"15":3,"16":0},"b":{"0":[2,8],"1":[1,1],"2":[2,2],"3":[7,7],"4":[0,0],"5":[0,0],"6":[0,0],"7":[0,0]}}
,"C:\\Users\\MATAGK\\Documents\\GitHub\\200406-java-react-usf\\Mohamed_Aboulela_p0\\src\\models\\astrology.ts": {"path":"C:\\Users\\MATAGK\\Documents\\GitHub\\200406-java-react-usf\\Mohamed_Aboulela_p0\\src\\models\\astrology.ts","statementMap":{"0":{"start":{"line":1,"column":0},"end":{"line":1,"column":13}},"1":{"start":{"line":9,"column":8},"end":{"line":9,"column":21}},"2":{"start":{"line":10,"column":8},"end":{"line":10,"column":27}},"3":{"start":{"line":11,"column":8},"end":{"line":11,"column":25}},"4":{"start":{"line":12,"column":8},"end":{"line":12,"column":31}},"5":{"start":{"line":15,"column":0},"end":{"line":15,"column":null}},"6":{"start":{"line":1,"column":13},"end":{"line":1,"column":22}}},"fnMap":{"0":{"name":"(anonymous_0)","decl":{"start":{"line":1,"column":0},"end":{"line":1,"column":13}},"loc":{"start":{"line":1,"column":0},"end":{"line":15,"column":null}}},"1":{"name":"Astrology","decl":{"start":{"line":8,"column":4},"end":{"line":8,"column":17}},"loc":{"start":{"line":8,"column":69},"end":{"line":13,"column":5}}}},"branchMap":{},"s":{"0":2,"1":8,"2":8,"3":8,"4":8,"5":2,"6":2},"f":{"0":2,"1":8},"b":{}}
,"C:\\Users\\MATAGK\\Documents\\GitHub\\200406-java-react-usf\\Mohamed_Aboulela_p0\\src\\models\\user.ts": {"path":"C:\\Users\\MATAGK\\Documents\\GitHub\\200406-java-react-usf\\Mohamed_Aboulela_p0\\src\\models\\user.ts","statementMap":{"0":{"start":{"line":1,"column":0},"end":{"line":1,"column":13}},"1":{"start":{"line":12,"column":8},"end":{"line":12,"column":21}},"2":{"start":{"line":13,"column":8},"end":{"line":13,"column":27}},"3":{"start":{"line":14,"column":8},"end":{"line":14,"column":27}},"4":{"start":{"line":15,"column":8},"end":{"line":15,"column":28}},"5":{"start":{"line":16,"column":8},"end":{"line":16,"column":27}},"6":{"start":{"line":17,"column":8},"end":{"line":17,"column":27}},"7":{"start":{"line":18,"column":8},"end":{"line":18,"column":25}},"8":{"start":{"line":21,"column":0},"end":{"line":21,"column":null}},"9":{"start":{"line":1,"column":13},"end":{"line":1,"column":17}}},"fnMap":{"0":{"name":"(anonymous_0)","decl":{"start":{"line":1,"column":0},"end":{"line":1,"column":13}},"loc":{"start":{"line":1,"column":0},"end":{"line":21,"column":null}}},"1":{"name":"User","decl":{"start":{"line":11,"column":4},"end":{"line":11,"column":16}},"loc":{"start":{"line":11,"column":103},"end":{"line":19,"column":5}}}},"branchMap":{},"s":{"0":3,"1":19,"2":19,"3":19,"4":19,"5":19,"6":19,"7":19,"8":3,"9":3},"f":{"0":3,"1":19},"b":{}}
,"C:\\Users\\MATAGK\\Documents\\GitHub\\200406-java-react-usf\\Mohamed_Aboulela_p0\\src\\repos\\astrology-repo.ts": {"path":"C:\\Users\\MATAGK\\Documents\\GitHub\\200406-java-react-usf\\Mohamed_Aboulela_p0\\src\\repos\\astrology-repo.ts","statementMap":{"0":{"start":{"line":4,"column":0},"end":{"line":4,"column":142}},"1":{"start":{"line":6,"column":0},"end":{"line":6,"column":36}},"2":{"start":{"line":7,"column":0},"end":{"line":7,"column":66}},"3":{"start":{"line":9,"column":0},"end":{"line":9,"column":13}},"4":{"start":{"line":11,"column":4},"end":{"line":18,"column":null}},"5":{"start":{"line":21,"column":10},"end":{"line":34,"column":6}},"6":{"start":{"line":24,"column":25},"end":{"line":24,"column":56}},"7":{"start":{"line":24,"column":16},"end":{"line":24,"column":56}},"8":{"start":{"line":25,"column":20},"end":{"line":25,"column":60}},"9":{"start":{"line":26,"column":25},"end":{"line":26,"column":null}},"10":{"start":{"line":26,"column":20},"end":{"line":26,"column":null}},"11":{"start":{"line":27,"column":16},"end":{"line":27,"column":31}},"12":{"start":{"line":30,"column":16},"end":{"line":30,"column":48}},"13":{"start":{"line":32,"column":16},"end":{"line":32,"column":43}},"14":{"start":{"line":38,"column":10},"end":{"line":51,"column":null}},"15":{"start":{"line":41,"column":25},"end":{"line":41,"column":56}},"16":{"start":{"line":41,"column":16},"end":{"line":41,"column":56}},"17":{"start":{"line":42,"column":20},"end":{"line":42,"column":62}},"18":{"start":{"line":43,"column":25},"end":{"line":43,"column":null}},"19":{"start":{"line":43,"column":20},"end":{"line":43,"column":null}},"20":{"start":{"line":44,"column":16},"end":{"line":44,"column":57}},"21":{"start":{"line":47,"column":16},"end":{"line":47,"column":48}},"22":{"start":{"line":49,"column":16},"end":{"line":49,"column":43}},"23":{"start":{"line":52,"column":0},"end":{"line":52,"column":null}},"24":{"start":{"line":9,"column":13},"end":{"line":9,"column":32}}},"fnMap":{"0":{"name":"(anonymous_13)","decl":{"start":{"line":9,"column":0},"end":{"line":9,"column":13}},"loc":{"start":{"line":9,"column":0},"end":{"line":52,"column":null}}},"1":{"name":"(anonymous_15)","decl":{"start":{"line":21,"column":4},"end":{"line":21,"column":10}},"loc":{"start":{"line":21,"column":4},"end":{"line":34,"column":6}}},"2":{"name":"(anonymous_18)","decl":{"start":{"line":38,"column":4},"end":{"line":38,"column":10}},"loc":{"start":{"line":38,"column":28},"end":{"line":51,"column":null}}}},"branchMap":{"0":{"loc":{"start":{"line":32,"column":16},"end":{"line":32,"column":22}},"type":"binary-expr","locations":[{"start":{"line":32,"column":16},"end":{"line":32,"column":22}},{"start":{"line":32,"column":26},"end":{"line":32,"column":42}}]},"1":{"loc":{"start":{"line":49,"column":16},"end":{"line":49,"column":22}},"type":"binary-expr","locations":[{"start":{"line":49,"column":16},"end":{"line":49,"column":22}},{"start":{"line":49,"column":26},"end":{"line":49,"column":42}}]}},"s":{"0":1,"1":1,"2":1,"3":1,"4":1,"5":1,"6":2,"7":2,"8":2,"9":2,"10":2,"11":2,"12":0,"13":2,"14":1,"15":1,"16":1,"17":1,"18":1,"19":1,"20":1,"21":0,"22":1,"23":1,"24":1},"f":{"0":2,"1":2,"2":1},"b":{"0":[2,2],"1":[1,1]}}
,"C:\\Users\\MATAGK\\Documents\\GitHub\\200406-java-react-usf\\Mohamed_Aboulela_p0\\src\\repos\\user-repo.ts": {"path":"C:\\Users\\MATAGK\\Documents\\GitHub\\200406-java-react-usf\\Mohamed_Aboulela_p0\\src\\repos\\user-repo.ts","statementMap":{"0":{"start":{"line":5,"column":0},"end":{"line":5,"column":55}},"1":{"start":{"line":6,"column":0},"end":{"line":6,"column":36}},"2":{"start":{"line":8,"column":0},"end":{"line":8,"column":61}},"3":{"start":{"line":11,"column":0},"end":{"line":11,"column":13}},"4":{"start":{"line":13,"column":4},"end":{"line":25,"column":6}},"5":{"start":{"line":28,"column":10},"end":{"line":42,"column":10}},"6":{"start":{"line":32,"column":25},"end":{"line":32,"column":56}},"7":{"start":{"line":32,"column":16},"end":{"line":32,"column":56}},"8":{"start":{"line":33,"column":20},"end":{"line":33,"column":60}},"9":{"start":{"line":34,"column":25},"end":{"line":34,"column":null}},"10":{"start":{"line":34,"column":20},"end":{"line":34,"column":null}},"11":{"start":{"line":35,"column":16},"end":{"line":35,"column":31}},"12":{"start":{"line":37,"column":16},"end":{"line":37,"column":48}},"13":{"start":{"line":39,"column":16},"end":{"line":39,"column":43}},"14":{"start":{"line":45,"column":10},"end":{"line":59,"column":null}},"15":{"start":{"line":49,"column":21},"end":{"line":49,"column":52}},"16":{"start":{"line":49,"column":12},"end":{"line":49,"column":52}},"17":{"start":{"line":50,"column":16},"end":{"line":50,"column":58}},"18":{"start":{"line":51,"column":21},"end":{"line":51,"column":null}},"19":{"start":{"line":51,"column":16},"end":{"line":51,"column":null}},"20":{"start":{"line":52,"column":12},"end":{"line":52,"column":48}},"21":{"start":{"line":54,"column":12},"end":{"line":54,"column":44}},"22":{"start":{"line":56,"column":12},"end":{"line":56,"column":39}},"23":{"start":{"line":62,"column":10},"end":{"line":75,"column":null}},"24":{"start":{"line":66,"column":21},"end":{"line":66,"column":52}},"25":{"start":{"line":66,"column":12},"end":{"line":66,"column":52}},"26":{"start":{"line":67,"column":16},"end":{"line":67,"column":null}},"27":{"start":{"line":68,"column":21},"end":{"line":68,"column":null}},"28":{"start":{"line":68,"column":16},"end":{"line":68,"column":null}},"29":{"start":{"line":69,"column":12},"end":{"line":69,"column":48}},"30":{"start":{"line":71,"column":12},"end":{"line":71,"column":44}},"31":{"start":{"line":73,"column":12},"end":{"line":73,"column":39}},"32":{"start":{"line":78,"column":10},"end":{"line":103,"column":null}},"33":{"start":{"line":82,"column":21},"end":{"line":82,"column":52}},"34":{"start":{"line":82,"column":12},"end":{"line":82,"column":52}},"35":{"start":{"line":85,"column":26},"end":{"line":85,"column":106}},"36":{"start":{"line":85,"column":16},"end":{"line":85,"column":null}},"37":{"start":{"line":87,"column":16},"end":{"line":90,"column":14}},"38":{"start":{"line":92,"column":21},"end":{"line":92,"column":null}},"39":{"start":{"line":92,"column":16},"end":{"line":92,"column":null}},"40":{"start":{"line":94,"column":12},"end":{"line":94,"column":39}},"41":{"start":{"line":96,"column":12},"end":{"line":96,"column":27}},"42":{"start":{"line":98,"column":12},"end":{"line":98,"column":44}},"43":{"start":{"line":100,"column":12},"end":{"line":100,"column":39}},"44":{"start":{"line":106,"column":10},"end":{"line":129,"column":null}},"45":{"start":{"line":109,"column":25},"end":{"line":109,"column":56}},"46":{"start":{"line":109,"column":16},"end":{"line":109,"column":56}},"47":{"start":{"line":110,"column":20},"end":{"line":119,"column":18}},"48":{"start":{"line":120,"column":16},"end":{"line":120,"column":166}},"49":{"start":{"line":122,"column":16},"end":{"line":122,"column":28}},"50":{"start":{"line":124,"column":16},"end":{"line":124,"column":31}},"51":{"start":{"line":125,"column":16},"end":{"line":125,"column":48}},"52":{"start":{"line":127,"column":16},"end":{"line":127,"column":43}},"53":{"start":{"line":132,"column":10},"end":{"line":148,"column":null}},"54":{"start":{"line":135,"column":25},"end":{"line":135,"column":56}},"55":{"start":{"line":135,"column":16},"end":{"line":135,"column":56}},"56":{"start":{"line":136,"column":20},"end":{"line":139,"column":18}},"57":{"start":{"line":140,"column":16},"end":{"line":140,"column":59}},"58":{"start":{"line":141,"column":16},"end":{"line":141,"column":28}},"59":{"start":{"line":143,"column":16},"end":{"line":143,"column":31}},"60":{"start":{"line":144,"column":16},"end":{"line":144,"column":48}},"61":{"start":{"line":146,"column":16},"end":{"line":146,"column":43}},"62":{"start":{"line":150,"column":10},"end":{"line":163,"column":null}},"63":{"start":{"line":154,"column":21},"end":{"line":154,"column":52}},"64":{"start":{"line":154,"column":12},"end":{"line":154,"column":52}},"65":{"start":{"line":155,"column":16},"end":{"line":155,"column":64}},"66":{"start":{"line":156,"column":21},"end":{"line":156,"column":null}},"67":{"start":{"line":156,"column":16},"end":{"line":156,"column":null}},"68":{"start":{"line":157,"column":12},"end":{"line":157,"column":48}},"69":{"start":{"line":159,"column":12},"end":{"line":159,"column":44}},"70":{"start":{"line":161,"column":12},"end":{"line":161,"column":39}},"71":{"start":{"line":166,"column":0},"end":{"line":166,"column":null}},"72":{"start":{"line":11,"column":13},"end":{"line":11,"column":27}}},"fnMap":{"0":{"name":"(anonymous_13)","decl":{"start":{"line":11,"column":0},"end":{"line":11,"column":13}},"loc":{"start":{"line":11,"column":0},"end":{"line":166,"column":null}}},"1":{"name":"(anonymous_15)","decl":{"start":{"line":28,"column":4},"end":{"line":28,"column":10}},"loc":{"start":{"line":28,"column":4},"end":{"line":42,"column":10}}},"2":{"name":"(anonymous_18)","decl":{"start":{"line":45,"column":4},"end":{"line":45,"column":10}},"loc":{"start":{"line":45,"column":28},"end":{"line":59,"column":null}}},"3":{"name":"(anonymous_21)","decl":{"start":{"line":62,"column":4},"end":{"line":62,"column":10}},"loc":{"start":{"line":62,"column":49},"end":{"line":75,"column":null}}},"4":{"name":"(anonymous_24)","decl":{"start":{"line":78,"column":4},"end":{"line":78,"column":10}},"loc":{"start":{"line":78,"column":28},"end":{"line":103,"column":null}}},"5":{"name":"(anonymous_27)","decl":{"start":{"line":106,"column":4},"end":{"line":106,"column":10}},"loc":{"start":{"line":106,"column":34},"end":{"line":129,"column":null}}},"6":{"name":"(anonymous_30)","decl":{"start":{"line":132,"column":4},"end":{"line":132,"column":10}},"loc":{"start":{"line":132,"column":35},"end":{"line":148,"column":null}}},"7":{"name":"(anonymous_33)","decl":{"start":{"line":150,"column":4},"end":{"line":150,"column":10}},"loc":{"start":{"line":150,"column":40},"end":{"line":163,"column":null}}}},"branchMap":{"0":{"loc":{"start":{"line":39,"column":16},"end":{"line":39,"column":22}},"type":"binary-expr","locations":[{"start":{"line":39,"column":16},"end":{"line":39,"column":22}},{"start":{"line":39,"column":26},"end":{"line":39,"column":42}}]},"1":{"loc":{"start":{"line":56,"column":12},"end":{"line":56,"column":18}},"type":"binary-expr","locations":[{"start":{"line":56,"column":12},"end":{"line":56,"column":18}},{"start":{"line":56,"column":22},"end":{"line":56,"column":38}}]},"2":{"loc":{"start":{"line":73,"column":12},"end":{"line":73,"column":18}},"type":"binary-expr","locations":[{"start":{"line":73,"column":12},"end":{"line":73,"column":18}},{"start":{"line":73,"column":22},"end":{"line":73,"column":38}}]},"3":{"loc":{"start":{"line":100,"column":12},"end":{"line":100,"column":18}},"type":"binary-expr","locations":[{"start":{"line":100,"column":12},"end":{"line":100,"column":18}},{"start":{"line":100,"column":22},"end":{"line":100,"column":38}}]},"4":{"loc":{"start":{"line":127,"column":16},"end":{"line":127,"column":22}},"type":"binary-expr","locations":[{"start":{"line":127,"column":16},"end":{"line":127,"column":22}},{"start":{"line":127,"column":26},"end":{"line":127,"column":42}}]},"5":{"loc":{"start":{"line":146,"column":16},"end":{"line":146,"column":22}},"type":"binary-expr","locations":[{"start":{"line":146,"column":16},"end":{"line":146,"column":22}},{"start":{"line":146,"column":26},"end":{"line":146,"column":42}}]},"6":{"loc":{"start":{"line":161,"column":12},"end":{"line":161,"column":18}},"type":"binary-expr","locations":[{"start":{"line":161,"column":12},"end":{"line":161,"column":18}},{"start":{"line":161,"column":22},"end":{"line":161,"column":38}}]}},"s":{"0":1,"1":1,"2":1,"3":1,"4":1,"5":1,"6":2,"7":2,"8":2,"9":2,"10":2,"11":2,"12":0,"13":2,"14":1,"15":1,"16":1,"17":1,"18":1,"19":1,"20":1,"21":0,"22":1,"23":1,"24":1,"25":1,"26":1,"27":1,"28":1,"29":1,"30":0,"31":1,"32":1,"33":1,"34":1,"35":1,"36":1,"37":1,"38":1,"39":1,"40":1,"41":1,"42":0,"43":1,"44":1,"45":0,"46":0,"47":0,"48":0,"49":0,"50":0,"51":0,"52":0,"53":1,"54":0,"55":0,"56":0,"57":0,"58":0,"59":0,"60":0,"61":0,"62":1,"63":0,"64":0,"65":0,"66":0,"67":0,"68":0,"69":0,"70":0,"71":1,"72":1},"f":{"0":2,"1":2,"2":1,"3":1,"4":1,"5":0,"6":0,"7":0},"b":{"0":[2,2],"1":[1,1],"2":[1,1],"3":[1,1],"4":[0,0],"5":[0,0],"6":[0,0]}}
,"C:\\Users\\MATAGK\\Documents\\GitHub\\200406-java-react-usf\\Mohamed_Aboulela_p0\\src\\services\\user-service.ts": {"path":"C:\\Users\\MATAGK\\Documents\\GitHub\\200406-java-react-usf\\Mohamed_Aboulela_p0\\src\\services\\user-service.ts","statementMap":{"0":{"start":{"line":3,"column":0},"end":{"line":3,"column":106}},"1":{"start":{"line":4,"column":0},"end":{"line":4,"column":142}},"2":{"start":{"line":7,"column":4},"end":{"line":7,"column":17}},"3":{"start":{"line":8,"column":29},"end":{"line":8,"column":53}},"4":{"start":{"line":9,"column":12},"end":{"line":9,"column":37}},"5":{"start":{"line":12,"column":14},"end":{"line":24,"column":null}},"6":{"start":{"line":14,"column":28},"end":{"line":14,"column":null}},"7":{"start":{"line":14,"column":20},"end":{"line":14,"column":null}},"8":{"start":{"line":16,"column":16},"end":{"line":18,"column":null}},"9":{"start":{"line":17,"column":20},"end":{"line":17,"column":54}},"10":{"start":{"line":20,"column":16},"end":{"line":20,"column":54}},"11":{"start":{"line":22,"column":16},"end":{"line":22,"column":24}},"12":{"start":{"line":26,"column":14},"end":{"line":42,"column":null}},"13":{"start":{"line":28,"column":16},"end":{"line":30,"column":null}},"14":{"start":{"line":29,"column":20},"end":{"line":29,"column":48}},"15":{"start":{"line":32,"column":37},"end":{"line":32,"column":null}},"16":{"start":{"line":32,"column":20},"end":{"line":32,"column":null}},"17":{"start":{"line":34,"column":16},"end":{"line":36,"column":null}},"18":{"start":{"line":35,"column":20},"end":{"line":35,"column":52}},"19":{"start":{"line":38,"column":16},"end":{"line":38,"column":53}},"20":{"start":{"line":40,"column":16},"end":{"line":40,"column":24}},"21":{"start":{"line":44,"column":14},"end":{"line":60,"column":null}},"22":{"start":{"line":46,"column":16},"end":{"line":48,"column":null}},"23":{"start":{"line":47,"column":20},"end":{"line":47,"column":48}},"24":{"start":{"line":50,"column":27},"end":{"line":50,"column":null}},"25":{"start":{"line":50,"column":20},"end":{"line":50,"column":null}},"26":{"start":{"line":52,"column":16},"end":{"line":54,"column":null}},"27":{"start":{"line":53,"column":20},"end":{"line":53,"column":88}},"28":{"start":{"line":56,"column":16},"end":{"line":56,"column":49}},"29":{"start":{"line":58,"column":16},"end":{"line":58,"column":24}},"30":{"start":{"line":62,"column":14},"end":{"line":80,"column":null}},"31":{"start":{"line":64,"column":12},"end":{"line":66,"column":null}},"32":{"start":{"line":65,"column":16},"end":{"line":65,"column":44}},"33":{"start":{"line":68,"column":30},"end":{"line":68,"column":null}},"34":{"start":{"line":68,"column":16},"end":{"line":68,"column":null}},"35":{"start":{"line":70,"column":12},"end":{"line":72,"column":null}},"36":{"start":{"line":71,"column":16},"end":{"line":71,"column":107}},"37":{"start":{"line":74,"column":12},"end":{"line":74,"column":34}},"38":{"start":{"line":75,"column":34},"end":{"line":75,"column":null}},"39":{"start":{"line":75,"column":18},"end":{"line":75,"column":null}},"40":{"start":{"line":77,"column":12},"end":{"line":77,"column":54}},"41":{"start":{"line":82,"column":14},"end":{"line":105,"column":null}},"42":{"start":{"line":85,"column":12},"end":{"line":87,"column":null}},"43":{"start":{"line":86,"column":16},"end":{"line":86,"column":44}},"44":{"start":{"line":90,"column":31},"end":{"line":90,"column":null}},"45":{"start":{"line":90,"column":16},"end":{"line":90,"column":null}},"46":{"start":{"line":92,"column":30},"end":{"line":92,"column":null}},"47":{"start":{"line":92,"column":16},"end":{"line":92,"column":null}},"48":{"start":{"line":94,"column":12},"end":{"line":96,"column":null}},"49":{"start":{"line":95,"column":16},"end":{"line":95,"column":35}},"50":{"start":{"line":98,"column":12},"end":{"line":100,"column":null}},"51":{"start":{"line":99,"column":16},"end":{"line":99,"column":107}},"52":{"start":{"line":102,"column":12},"end":{"line":102,"column":52}},"53":{"start":{"line":104,"column":12},"end":{"line":104,"column":24}},"54":{"start":{"line":107,"column":14},"end":{"line":120,"column":null}},"55":{"start":{"line":109,"column":12},"end":{"line":111,"column":null}},"56":{"start":{"line":110,"column":16},"end":{"line":110,"column":44}},"57":{"start":{"line":114,"column":12},"end":{"line":114,"column":55}},"58":{"start":{"line":116,"column":12},"end":{"line":116,"column":56}},"59":{"start":{"line":118,"column":12},"end":{"line":118,"column":24}},"60":{"start":{"line":122,"column":14},"end":{"line":133,"column":null}},"61":{"start":{"line":125,"column":16},"end":{"line":125,"column":60}},"62":{"start":{"line":127,"column":16},"end":{"line":127,"column":70}},"63":{"start":{"line":128,"column":16},"end":{"line":128,"column":29}},"64":{"start":{"line":131,"column":12},"end":{"line":131,"column":62}},"65":{"start":{"line":132,"column":12},"end":{"line":132,"column":24}},"66":{"start":{"line":137,"column":16},"end":{"line":141,"column":null}},"67":{"start":{"line":138,"column":12},"end":{"line":138,"column":52}},"68":{"start":{"line":138,"column":40},"end":{"line":138,"column":52}},"69":{"start":{"line":139,"column":12},"end":{"line":139,"column":33}},"70":{"start":{"line":140,"column":12},"end":{"line":140,"column":24}},"71":{"start":{"line":142,"column":4},"end":{"line":142,"column":null}},"72":{"start":{"line":7,"column":17},"end":{"line":7,"column":28}}},"fnMap":{"0":{"name":"(anonymous_13)","decl":{"start":{"line":7,"column":4},"end":{"line":7,"column":17}},"loc":{"start":{"line":7,"column":4},"end":{"line":142,"column":null}}},"1":{"name":"UserService","decl":{"start":{"line":8,"column":8},"end":{"line":8,"column":29}},"loc":{"start":{"line":8,"column":53},"end":{"line":10,"column":9}}},"2":{"name":"(anonymous_15)","decl":{"start":{"line":12,"column":8},"end":{"line":12,"column":14}},"loc":{"start":{"line":12,"column":8},"end":{"line":24,"column":null}}},"3":{"name":"(anonymous_18)","decl":{"start":{"line":26,"column":8},"end":{"line":26,"column":14}},"loc":{"start":{"line":26,"column":53},"end":{"line":42,"column":null}}},"4":{"name":"(anonymous_21)","decl":{"start":{"line":44,"column":8},"end":{"line":44,"column":14}},"loc":{"start":{"line":44,"column":36},"end":{"line":60,"column":null}}},"5":{"name":"(anonymous_24)","decl":{"start":{"line":62,"column":8},"end":{"line":62,"column":14}},"loc":{"start":{"line":62,"column":38},"end":{"line":80,"column":null}}},"6":{"name":"(anonymous_27)","decl":{"start":{"line":82,"column":8},"end":{"line":82,"column":14}},"loc":{"start":{"line":82,"column":42},"end":{"line":105,"column":null}}},"7":{"name":"(anonymous_30)","decl":{"start":{"line":107,"column":8},"end":{"line":107,"column":14}},"loc":{"start":{"line":107,"column":46},"end":{"line":120,"column":null}}},"8":{"name":"(anonymous_33)","decl":{"start":{"line":122,"column":8},"end":{"line":122,"column":14}},"loc":{"start":{"line":122,"column":44},"end":{"line":133,"column":null}}},"9":{"name":"(anonymous_36)","decl":{"start":{"line":137,"column":8},"end":{"line":137,"column":16}},"loc":{"start":{"line":137,"column":41},"end":{"line":141,"column":9}}}},"branchMap":{"0":{"loc":{"start":{"line":16,"column":16},"end":{"line":18,"column":null}},"type":"if","locations":[{"start":{"line":16,"column":16},"end":{"line":18,"column":null}},{"start":{"line":16,"column":16},"end":{"line":18,"column":null}}]},"1":{"loc":{"start":{"line":28,"column":16},"end":{"line":30,"column":null}},"type":"if","locations":[{"start":{"line":28,"column":16},"end":{"line":30,"column":null}},{"start":{"line":28,"column":16},"end":{"line":30,"column":null}}]},"2":{"loc":{"start":{"line":34,"column":16},"end":{"line":36,"column":null}},"type":"if","locations":[{"start":{"line":34,"column":16},"end":{"line":36,"column":null}},{"start":{"line":34,"column":16},"end":{"line":36,"column":null}}]},"3":{"loc":{"start":{"line":46,"column":16},"end":{"line":48,"column":null}},"type":"if","locations":[{"start":{"line":46,"column":16},"end":{"line":48,"column":null}},{"start":{"line":46,"column":16},"end":{"line":48,"column":null}}]},"4":{"loc":{"start":{"line":52,"column":16},"end":{"line":54,"column":null}},"type":"if","locations":[{"start":{"line":52,"column":16},"end":{"line":54,"column":null}},{"start":{"line":52,"column":16},"end":{"line":54,"column":null}}]},"5":{"loc":{"start":{"line":64,"column":12},"end":{"line":66,"column":null}},"type":"if","locations":[{"start":{"line":64,"column":12},"end":{"line":66,"column":null}},{"start":{"line":64,"column":12},"end":{"line":66,"column":null}}]},"6":{"loc":{"start":{"line":70,"column":12},"end":{"line":72,"column":null}},"type":"if","locations":[{"start":{"line":70,"column":12},"end":{"line":72,"column":null}},{"start":{"line":70,"column":12},"end":{"line":72,"column":null}}]},"7":{"loc":{"start":{"line":85,"column":12},"end":{"line":87,"column":null}},"type":"if","locations":[{"start":{"line":85,"column":12},"end":{"line":87,"column":null}},{"start":{"line":85,"column":12},"end":{"line":87,"column":null}}]},"8":{"loc":{"start":{"line":94,"column":12},"end":{"line":96,"column":null}},"type":"if","locations":[{"start":{"line":94,"column":12},"end":{"line":96,"column":null}},{"start":{"line":94,"column":12},"end":{"line":96,"column":null}}]},"9":{"loc":{"start":{"line":98,"column":12},"end":{"line":100,"column":null}},"type":"if","locations":[{"start":{"line":98,"column":12},"end":{"line":100,"column":null}},{"start":{"line":98,"column":12},"end":{"line":100,"column":null}}]},"10":{"loc":{"start":{"line":109,"column":12},"end":{"line":111,"column":null}},"type":"if","locations":[{"start":{"line":109,"column":12},"end":{"line":111,"column":null}},{"start":{"line":109,"column":12},"end":{"line":111,"column":null}}]},"11":{"loc":{"start":{"line":138,"column":12},"end":{"line":138,"column":52}},"type":"if","locations":[{"start":{"line":138,"column":12},"end":{"line":138,"column":52}},{"start":{"line":138,"column":12},"end":{"line":138,"column":52}}]},"12":{"loc":{"start":{"line":138,"column":15},"end":{"line":138,"column":20}},"type":"binary-expr","locations":[{"start":{"line":138,"column":15},"end":{"line":138,"column":20}},{"start":{"line":138,"column":24},"end":{"line":138,"column":38}}]}},"s":{"0":1,"1":1,"2":1,"3":15,"4":15,"5":1,"6":2,"7":2,"8":2,"9":1,"10":1,"11":1,"12":1,"13":0,"14":0,"15":0,"16":0,"17":0,"18":0,"19":0,"20":0,"21":1,"22":6,"23":4,"24":2,"25":2,"26":2,"27":1,"28":1,"29":5,"30":1,"31":3,"32":1,"33":2,"34":2,"35":2,"36":1,"37":1,"38":1,"39":1,"40":1,"41":1,"42":2,"43":1,"44":1,"45":1,"46":1,"47":1,"48":1,"49":0,"50":1,"51":0,"52":2,"53":1,"54":1,"55":2,"56":1,"57":2,"58":2,"59":1,"60":1,"61":0,"62":0,"63":0,"64":0,"65":0,"66":1,"67":7,"68":2,"69":5,"70":5,"71":1,"72":1},"f":{"0":1,"1":15,"2":2,"3":0,"4":6,"5":3,"6":2,"7":2,"8":0,"9":7},"b":{"0":[1,1],"1":[0,0],"2":[0,0],"3":[4,2],"4":[1,1],"5":[1,2],"6":[1,1],"7":[1,1],"8":[0,1],"9":[0,1],"10":[1,1],"11":[2,5],"12":[7,7]}}
,"C:\\Users\\MATAGK\\Documents\\GitHub\\200406-java-react-usf\\Mohamed_Aboulela_p0\\src\\util\\validator.ts": {"path":"C:\\Users\\MATAGK\\Documents\\GitHub\\200406-java-react-usf\\Mohamed_Aboulela_p0\\src\\util\\validator.ts","statementMap":{"0":{"start":{"line":1,"column":13},"end":{"line":3,"column":null}},"1":{"start":{"line":2,"column":4},"end":{"line":2,"column":78}},"2":{"start":{"line":6,"column":4},"end":{"line":6,"column":48}},"3":{"start":{"line":5,"column":0},"end":{"line":5,"column":16}},"4":{"start":{"line":9,"column":13},"end":{"line":19,"column":null}},"5":{"start":{"line":9,"column":31},"end":{"line":9,"column":48}},"6":{"start":{"line":11,"column":4},"end":{"line":15,"column":null}},"7":{"start":{"line":11,"column":20},"end":{"line":11,"column":24}},"8":{"start":{"line":11,"column":16},"end":{"line":11,"column":20}},"9":{"start":{"line":12,"column":8},"end":{"line":14,"column":null}},"10":{"start":{"line":13,"column":12},"end":{"line":13,"column":25}},"11":{"start":{"line":17,"column":4},"end":{"line":17,"column":16}},"12":{"start":{"line":21,"column":13},"end":{"line":28,"column":null}},"13":{"start":{"line":21,"column":43},"end":{"line":21,"column":69}},"14":{"start":{"line":23,"column":4},"end":{"line":26,"column":7}},"15":{"start":{"line":24,"column":8},"end":{"line":24,"column":53}},"16":{"start":{"line":24,"column":41},"end":{"line":24,"column":53}},"17":{"start":{"line":25,"column":8},"end":{"line":25,"column":24}},"18":{"start":{"line":30,"column":13},"end":{"line":49,"column":null}},"19":{"start":{"line":32,"column":4},"end":{"line":34,"column":null}},"20":{"start":{"line":33,"column":8},"end":{"line":33,"column":21}},"21":{"start":{"line":36,"column":22},"end":{"line":38,"column":5}},"22":{"start":{"line":37,"column":8},"end":{"line":37,"column":26}},"23":{"start":{"line":41,"column":4},"end":{"line":45,"column":null}},"24":{"start":{"line":42,"column":8},"end":{"line":42,"column":41}},"25":{"start":{"line":44,"column":8},"end":{"line":44,"column":21}},"26":{"start":{"line":47,"column":4},"end":{"line":47,"column":52}},"27":{"start":{"line":51,"column":0},"end":{"line":56,"column":null}}},"fnMap":{"0":{"name":"(anonymous_0)","decl":{"start":{"line":1,"column":25},"end":{"line":1,"column":26}},"loc":{"start":{"line":1,"column":36},"end":{"line":3,"column":1}}},"1":{"name":"isEmptyObject","decl":{"start":{"line":5,"column":16},"end":{"line":5,"column":29}},"loc":{"start":{"line":5,"column":39},"end":{"line":7,"column":1}}},"2":{"name":"(anonymous_2)","decl":{"start":{"line":9,"column":30},"end":{"line":9,"column":31}},"loc":{"start":{"line":9,"column":30},"end":{"line":19,"column":1}}},"3":{"name":"(anonymous_3)","decl":{"start":{"line":21,"column":29},"end":{"line":21,"column":30}},"loc":{"start":{"line":21,"column":41},"end":{"line":28,"column":1}}},"4":{"name":"(anonymous_4)","decl":{"start":{"line":23,"column":41},"end":{"line":23,"column":44}},"loc":{"start":{"line":23,"column":44},"end":{"line":26,"column":5}}},"5":{"name":"(anonymous_5)","decl":{"start":{"line":30,"column":28},"end":{"line":30,"column":29}},"loc":{"start":{"line":30,"column":52},"end":{"line":49,"column":1}}},"6":{"name":"(anonymous_6)","decl":{"start":{"line":36,"column":22},"end":{"line":36,"column":26}},"loc":{"start":{"line":36,"column":45},"end":{"line":38,"column":5}}}},"branchMap":{"0":{"loc":{"start":{"line":2,"column":14},"end":{"line":2,"column":16}},"type":"binary-expr","locations":[{"start":{"line":2,"column":14},"end":{"line":2,"column":16}},{"start":{"line":2,"column":20},"end":{"line":2,"column":42}},{"start":{"line":2,"column":46},"end":{"line":2,"column":66}},{"start":{"line":2,"column":70},"end":{"line":2,"column":76}}]},"1":{"loc":{"start":{"line":6,"column":11},"end":{"line":6,"column":14}},"type":"binary-expr","locations":[{"start":{"line":6,"column":11},"end":{"line":6,"column":14}},{"start":{"line":6,"column":18},"end":{"line":6,"column":47}}]},"2":{"loc":{"start":{"line":12,"column":8},"end":{"line":14,"column":null}},"type":"if","locations":[{"start":{"line":12,"column":8},"end":{"line":14,"column":null}},{"start":{"line":12,"column":8},"end":{"line":14,"column":null}}]},"3":{"loc":{"start":{"line":12,"column":12},"end":{"line":12,"column":16}},"type":"binary-expr","locations":[{"start":{"line":12,"column":12},"end":{"line":12,"column":16}},{"start":{"line":12,"column":20},"end":{"line":12,"column":43}}]},"4":{"loc":{"start":{"line":23,"column":11},"end":{"line":23,"column":14}},"type":"binary-expr","locations":[{"start":{"line":23,"column":11},"end":{"line":23,"column":14}},{"start":{"line":23,"column":18},"end":{"line":26,"column":6}}]},"5":{"loc":{"start":{"line":24,"column":8},"end":{"line":24,"column":53}},"type":"if","locations":[{"start":{"line":24,"column":8},"end":{"line":24,"column":53}},{"start":{"line":24,"column":8},"end":{"line":24,"column":53}}]},"6":{"loc":{"start":{"line":32,"column":4},"end":{"line":34,"column":null}},"type":"if","locations":[{"start":{"line":32,"column":4},"end":{"line":34,"column":null}},{"start":{"line":32,"column":4},"end":{"line":34,"column":null}}]},"7":{"loc":{"start":{"line":32,"column":8},"end":{"line":32,"column":13}},"type":"binary-expr","locations":[{"start":{"line":32,"column":8},"end":{"line":32,"column":13}},{"start":{"line":32,"column":17},"end":{"line":32,"column":22}}]}},"s":{"0":2,"1":18,"2":2,"3":2,"4":2,"5":24,"6":6,"7":12,"8":10,"9":10,"10":3,"11":3,"12":2,"13":34,"14":15,"15":60,"16":4,"17":56,"18":2,"19":10,"20":1,"21":9,"22":9,"23":9,"24":9,"25":3,"26":6,"27":2},"f":{"0":18,"1":2,"2":6,"3":15,"4":60,"5":10,"6":9},"b":{"0":[18,12,12,8],"1":[2,2],"2":[3,7],"3":[10,7],"4":[15,12],"5":[4,56],"6":[1,9],"7":[10,10]}}
}
