TN:
SF:src\errors\errors.ts
FN:1,(anonymous_6)
FN:8,ApplicationError
FN:15,(anonymous_8)
FN:21,(anonymous_9)
FN:23,ResourcePersistenceError
FN:30,(anonymous_11)
FN:32,ResourceNotFoundError
FN:39,(anonymous_13)
FN:41,BadRequestError
FN:48,(anonymous_15)
FN:50,AuthenticationError
FN:57,(anonymous_17)
FN:59,AuthorizationError
FN:66,(anonymous_19)
FN:68,NotImplementedError
FN:75,(anonymous_21)
FN:76,InternalServerError
FNF:17
FNH:13
FNDA:3,(anonymous_6)
FNDA:10,ApplicationError
FNDA:10,(anonymous_8)
FNDA:3,(anonymous_9)
FNDA:1,ResourcePersistenceError
FNDA:3,(anonymous_11)
FNDA:2,ResourceNotFoundError
FNDA:3,(anonymous_13)
FNDA:7,BadRequestError
FNDA:3,(anonymous_15)
FNDA:0,AuthenticationError
FNDA:3,(anonymous_17)
FNDA:0,AuthorizationError
FNDA:3,(anonymous_19)
FNDA:0,NotImplementedError
FNDA:3,(anonymous_21)
FNDA:0,InternalServerError
DA:1,3
DA:9,10
DA:10,10
DA:11,10
DA:12,10
DA:15,3
DA:16,10
DA:19,3
DA:21,3
DA:24,1
DA:25,1
DA:28,3
DA:30,3
DA:33,2
DA:34,2
DA:37,3
DA:39,3
DA:42,7
DA:43,7
DA:46,3
DA:48,3
DA:51,0
DA:52,0
DA:55,3
DA:57,3
DA:60,0
DA:61,0
DA:64,3
DA:66,3
DA:69,0
DA:70,0
DA:73,3
DA:75,3
DA:77,0
DA:78,0
DA:80,3
DA:83,3
DA:84,3
DA:85,3
DA:86,3
DA:87,3
DA:88,3
DA:89,3
LF:43
LH:35
BRDA:12,0,0,2
BRDA:12,0,1,8
BRDA:24,1,0,1
BRDA:24,1,1,1
BRDA:33,2,0,2
BRDA:33,2,1,2
BRDA:42,3,0,7
BRDA:42,3,1,7
BRDA:51,4,0,0
BRDA:51,4,1,0
BRDA:60,5,0,0
BRDA:60,5,1,0
BRDA:69,6,0,0
BRDA:69,6,1,0
BRDA:77,7,0,0
BRDA:77,7,1,0
BRF:16
BRH:8
end_of_record
TN:
SF:src\models\astrology.ts
FN:1,(anonymous_0)
FN:8,Astrology
FNF:2
FNH:2
FNDA:2,(anonymous_0)
FNDA:8,Astrology
DA:1,2
DA:9,8
DA:10,8
DA:11,8
DA:12,8
DA:15,2
LF:6
LH:6
BRF:0
BRH:0
end_of_record
TN:
SF:src\models\user.ts
FN:1,(anonymous_0)
FN:11,User
FNF:2
FNH:2
FNDA:3,(anonymous_0)
FNDA:19,User
DA:1,3
DA:12,19
DA:13,19
DA:14,19
DA:15,19
DA:16,19
DA:17,19
DA:18,19
DA:21,3
LF:9
LH:9
BRF:0
BRH:0
end_of_record
TN:
SF:src\repos\astrology-repo.ts
FN:9,(anonymous_13)
FN:21,(anonymous_15)
FN:38,(anonymous_18)
FNF:3
FNH:3
FNDA:2,(anonymous_13)
FNDA:2,(anonymous_15)
FNDA:1,(anonymous_18)
DA:4,1
DA:6,1
DA:7,1
DA:9,1
DA:11,1
DA:21,1
DA:24,2
DA:25,2
DA:26,2
DA:27,2
DA:30,0
DA:32,2
DA:38,1
DA:41,1
DA:42,1
DA:43,1
DA:44,1
DA:47,0
DA:49,1
DA:52,1
LF:20
LH:18
BRDA:32,0,0,2
BRDA:32,0,1,2
BRDA:49,1,0,1
BRDA:49,1,1,1
BRF:4
BRH:4
end_of_record
TN:
SF:src\repos\user-repo.ts
FN:11,(anonymous_13)
FN:28,(anonymous_15)
FN:45,(anonymous_18)
FN:62,(anonymous_21)
FN:78,(anonymous_24)
FN:106,(anonymous_27)
FN:132,(anonymous_30)
FN:150,(anonymous_33)
FNF:8
FNH:5
FNDA:2,(anonymous_13)
FNDA:2,(anonymous_15)
FNDA:1,(anonymous_18)
FNDA:1,(anonymous_21)
FNDA:1,(anonymous_24)
FNDA:0,(anonymous_27)
FNDA:0,(anonymous_30)
FNDA:0,(anonymous_33)
DA:5,1
DA:6,1
DA:8,1
DA:11,1
DA:13,1
DA:28,1
DA:32,2
DA:33,2
DA:34,2
DA:35,2
DA:37,0
DA:39,2
DA:45,1
DA:49,1
DA:50,1
DA:51,1
DA:52,1
DA:54,0
DA:56,1
DA:62,1
DA:66,1
DA:67,1
DA:68,1
DA:69,1
DA:71,0
DA:73,1
DA:78,1
DA:82,1
DA:85,1
DA:87,1
DA:92,1
DA:94,1
DA:96,1
DA:98,0
DA:100,1
DA:106,1
DA:109,0
DA:110,0
DA:120,0
DA:122,0
DA:124,0
DA:125,0
DA:127,0
DA:132,1
DA:135,0
DA:136,0
DA:140,0
DA:141,0
DA:143,0
DA:144,0
DA:146,0
DA:150,1
DA:154,0
DA:155,0
DA:156,0
DA:157,0
DA:159,0
DA:161,0
DA:166,1
LF:59
LH:35
BRDA:39,0,0,2
BRDA:39,0,1,2
BRDA:56,1,0,1
BRDA:56,1,1,1
BRDA:73,2,0,1
BRDA:73,2,1,1
BRDA:100,3,0,1
BRDA:100,3,1,1
BRDA:127,4,0,0
BRDA:127,4,1,0
BRDA:146,5,0,0
BRDA:146,5,1,0
BRDA:161,6,0,0
BRDA:161,6,1,0
BRF:14
BRH:8
end_of_record
TN:
SF:src\services\user-service.ts
FN:7,(anonymous_13)
FN:8,UserService
FN:12,(anonymous_15)
FN:26,(anonymous_18)
FN:44,(anonymous_21)
FN:62,(anonymous_24)
FN:82,(anonymous_27)
FN:107,(anonymous_30)
FN:122,(anonymous_33)
FN:137,(anonymous_36)
FNF:10
FNH:8
FNDA:1,(anonymous_13)
FNDA:15,UserService
FNDA:2,(anonymous_15)
FNDA:0,(anonymous_18)
FNDA:6,(anonymous_21)
FNDA:3,(anonymous_24)
FNDA:2,(anonymous_27)
FNDA:2,(anonymous_30)
FNDA:0,(anonymous_33)
FNDA:7,(anonymous_36)
DA:3,1
DA:4,1
DA:7,1
DA:8,15
DA:9,15
DA:12,1
DA:14,2
DA:16,2
DA:17,1
DA:20,1
DA:22,1
DA:26,1
DA:28,0
DA:29,0
DA:32,0
DA:34,0
DA:35,0
DA:38,0
DA:40,0
DA:44,1
DA:46,6
DA:47,4
DA:50,2
DA:52,2
DA:53,1
DA:56,1
DA:58,5
DA:62,1
DA:64,3
DA:65,1
DA:68,2
DA:70,2
DA:71,1
DA:74,1
DA:75,1
DA:77,1
DA:82,1
DA:85,2
DA:86,1
DA:90,1
DA:92,1
DA:94,1
DA:95,0
DA:98,1
DA:99,0
DA:102,2
DA:104,1
DA:107,1
DA:109,2
DA:110,1
DA:114,2
DA:116,2
DA:118,1
DA:122,1
DA:125,0
DA:127,0
DA:128,0
DA:131,0
DA:132,0
DA:137,1
DA:138,7
DA:139,5
DA:140,5
DA:142,1
LF:64
LH:50
BRDA:16,0,0,1
BRDA:16,0,1,1
BRDA:28,1,0,0
BRDA:28,1,1,0
BRDA:34,2,0,0
BRDA:34,2,1,0
BRDA:46,3,0,4
BRDA:46,3,1,2
BRDA:52,4,0,1
BRDA:52,4,1,1
BRDA:64,5,0,1
BRDA:64,5,1,2
BRDA:70,6,0,1
BRDA:70,6,1,1
BRDA:85,7,0,1
BRDA:85,7,1,1
BRDA:94,8,0,0
BRDA:94,8,1,1
BRDA:98,9,0,0
BRDA:98,9,1,1
BRDA:109,10,0,1
BRDA:109,10,1,1
BRDA:138,11,0,2
BRDA:138,11,1,5
BRDA:138,12,0,7
BRDA:138,12,1,7
BRF:26
BRH:20
end_of_record
TN:
SF:src\util\validator.ts
FN:1,(anonymous_0)
FN:5,isEmptyObject
FN:9,(anonymous_2)
FN:21,(anonymous_3)
FN:23,(anonymous_4)
FN:30,(anonymous_5)
FN:36,(anonymous_6)
FNF:7
FNH:7
FNDA:18,(anonymous_0)
FNDA:2,isEmptyObject
FNDA:6,(anonymous_2)
FNDA:15,(anonymous_3)
FNDA:60,(anonymous_4)
FNDA:10,(anonymous_5)
FNDA:9,(anonymous_6)
DA:1,2
DA:2,18
DA:5,2
DA:6,2
DA:9,24
DA:11,12
DA:12,10
DA:13,3
DA:17,3
DA:21,34
DA:23,15
DA:24,60
DA:25,56
DA:30,2
DA:32,10
DA:33,1
DA:36,9
DA:37,9
DA:41,9
DA:42,9
DA:44,3
DA:47,6
DA:51,2
LF:23
LH:23
BRDA:2,0,0,18
BRDA:2,0,1,12
BRDA:2,0,2,12
BRDA:2,0,3,8
BRDA:6,1,0,2
BRDA:6,1,1,2
BRDA:12,2,0,3
BRDA:12,2,1,7
BRDA:12,3,0,10
BRDA:12,3,1,7
BRDA:23,4,0,15
BRDA:23,4,1,12
BRDA:24,5,0,4
BRDA:24,5,1,56
BRDA:32,6,0,1
BRDA:32,6,1,9
BRDA:32,7,0,10
BRDA:32,7,1,10
BRF:18
BRH:18
end_of_record
